
/home/runner/work/exp-contingency-analysis-iitr/exp-contingency-analysis-iitr/experiment/simulation/script.js
    2:29   warning  'Y' is assigned a value but never used                     no-unused-vars
   37:10   warning  'autofillFiveBusNetwork' is defined but never used         no-unused-vars
   56:10   warning  'autofillFourteenBusNetwork' is defined but never used     no-unused-vars
  121:10   warning  'autofillSixLines' is defined but never used               no-unused-vars
  139:10   warning  'autofillTwentyLines' is defined but never used            no-unused-vars
  171:10   warning  'formatComplexNumber' is defined but never used            no-unused-vars
  178:10   warning  'calculateYbus' is defined but never used                  no-unused-vars
  185:90   warning  'math' is not defined                                      no-undef
  194:27   warning  'math' is not defined                                      no-undef
  198:30   warning  'math' is not defined                                      no-undef
  199:17   warning  'tapSquare' is assigned a value but never used             no-unused-vars
  199:29   warning  'math' is not defined                                      no-undef
  200:30   warning  'math' is not defined                                      no-undef
  200:60   warning  'math' is not defined                                      no-undef
  204:35   warning  'math' is not defined                                      no-undef
  205:17   warning  'math' is not defined                                      no-undef
  206:17   warning  'math' is not defined                                      no-undef
  206:36   warning  'math' is not defined                                      no-undef
  209:33   warning  'math' is not defined                                      no-undef
  210:17   warning  'math' is not defined                                      no-undef
  211:17   warning  'math' is not defined                                      no-undef
  211:31   warning  'math' is not defined                                      no-undef
  214:32   warning  'math' is not defined                                      no-undef
  215:28   warning  'math' is not defined                                      no-undef
  220:30   warning  'math' is not defined                                      no-undef
  222:32   warning  'math' is not defined                                      no-undef
  223:28   warning  'math' is not defined                                      no-undef
  236:14   warning  'i' is already defined                                     no-redeclare
  239:33   warning  'math' is not defined                                      no-undef
  248:10   warning  'runLoadFlow' is defined but never used                    no-unused-vars
  256:9    warning  'numLines' is assigned a value but never used              no-unused-vars
  257:9    warning  'type' is assigned a value but never used                  no-unused-vars
  259:9    warning  'Qg' is assigned a value but never used                    no-unused-vars
  261:9    warning  'Qd' is assigned a value but never used                    no-unused-vars
  262:9    warning  'Qmin' is assigned a value but never used                  no-unused-vars
  263:9    warning  'Qmax' is assigned a value but never used                  no-unused-vars
  268:15   warning  'math' is not defined                                      no-undef
  273:14   warning  'math' is not defined                                      no-undef
  282:25   warning  'math' is not defined                                      no-undef
  285:19   warning  'math' is not defined                                      no-undef
  288:14   warning  'math' is not defined                                      no-undef
  297:24   warning  'math' is not defined                                      no-undef
  303:36   warning  'math' is not defined                                      no-undef
  307:14   warning  'math' is not defined                                      no-undef
  334:26   warning  'k' is defined but never used                              no-unused-vars
  337:16   warning  'math' is not defined                                      no-undef
  337:31   warning  'math' is not defined                                      no-undef
  338:16   warning  'math' is not defined                                      no-undef
  351:21   warning  'math' is not defined                                      no-undef
  352:13   warning  'math' is not defined                                      no-undef
  352:44   warning  'math' is not defined                                      no-undef
  353:13   warning  'math' is not defined                                      no-undef
  353:27   warning  'math' is not defined                                      no-undef
  353:36   warning  'math' is not defined                                      no-undef
  356:21   warning  'math' is not defined                                      no-undef
  358:16   warning  'math' is not defined                                      no-undef
  358:47   warning  'math' is not defined                                      no-undef
  358:57   warning  'math' is not defined                                      no-undef
  363:21   warning  'math' is not defined                                      no-undef
  364:13   warning  'math' is not defined                                      no-undef
  365:13   warning  'math' is not defined                                      no-undef
  368:21   warning  'math' is not defined                                      no-undef
  369:13   warning  'math' is not defined                                      no-undef
  369:22   warning  'math' is not defined                                      no-undef
  369:34   warning  'math' is not defined                                      no-undef
  369:67   warning  'math' is not defined                                      no-undef
  372:16   warning  'math' is not defined                                      no-undef
  372:45   warning  'math' is not defined                                      no-undef
  372:55   warning  'math' is not defined                                      no-undef
  376:27   warning  'math' is not defined                                      no-undef
  377:27   warning  'math' is not defined                                      no-undef
  381:23   warning  'math' is not defined                                      no-undef
  381:48   warning  'math' is not defined                                      no-undef
  387:63   warning  'TotalP_loss' is defined but never used                    no-unused-vars
  393:21   warning  'math' is not defined                                      no-undef
  455:10   warning  'runContingencyAnalysis' is defined but never used         no-unused-vars
  496:101  warning  'math' is not defined                                      no-undef
  501:13   warning  'tap' is assigned a value but never used                   no-unused-vars
  506:27   warning  'math' is not defined                                      no-undef
  508:33   warning  'math' is not defined                                      no-undef
  510:35   warning  'math' is not defined                                      no-undef
  511:31   warning  'math' is not defined                                      no-undef
  521:9    warning  'numLines' is assigned a value but never used              no-unused-vars
  522:9    warning  'type' is assigned a value but never used                  no-unused-vars
  528:15   warning  'math' is not defined                                      no-undef
  532:14   warning  'math' is not defined                                      no-undef
  539:25   warning  'math' is not defined                                      no-undef
  540:19   warning  'math' is not defined                                      no-undef
  541:14   warning  'math' is not defined                                      no-undef
  546:24   warning  'math' is not defined                                      no-undef
  549:36   warning  'math' is not defined                                      no-undef
  550:14   warning  'math' is not defined                                      no-undef
  558:36   warning  'k' is defined but never used                              no-unused-vars
  559:9    warning  'math' is not defined                                      no-undef
  560:13   warning  'math' is not defined                                      no-undef
  561:13   warning  'math' is not defined                                      no-undef
  561:23   warning  'math' is not defined                                      no-undef
  561:35   warning  'math' is not defined                                      no-undef
  561:86   warning  'math' is not defined                                      no-undef
  563:36   warning  'k' is defined but never used                              no-unused-vars
  564:9    warning  'math' is not defined                                      no-undef
  565:13   warning  'math' is not defined                                      no-undef
  566:13   warning  'math' is not defined                                      no-undef
  566:23   warning  'math' is not defined                                      no-undef
  566:35   warning  'math' is not defined                                      no-undef
  566:86   warning  'math' is not defined                                      no-undef
  569:23   warning  'math' is not defined                                      no-undef
  569:48   warning  'math' is not defined                                      no-undef
  579:14   warning  'i' is already defined                                     no-redeclare
  582:39   warning  'math' is not defined                                      no-undef
  586:5    warning  'tableHtmlConAna' is assigned a value but never used       no-unused-vars
  589:88   warning  'TotalP_loss' is defined but never used                    no-unused-vars
  646:15   warning  'math' is not defined                                      no-undef
  649:14   warning  'math' is not defined                                      no-undef
  656:25   warning  'math' is not defined                                      no-undef
  658:23   warning  'math' is not defined                                      no-undef
  659:18   warning  'math' is not defined                                      no-undef
  663:28   warning  'math' is not defined                                      no-undef
  670:40   warning  'math' is not defined                                      no-undef
  671:14   warning  'math' is not defined                                      no-undef
  680:32   warning  'k' is defined but never used                              no-unused-vars
  681:9    warning  'math' is not defined                                      no-undef
  682:13   warning  'math' is not defined                                      no-undef
  683:13   warning  'math' is not defined                                      no-undef
  683:23   warning  'math' is not defined                                      no-undef
  683:35   warning  'math' is not defined                                      no-undef
  683:86   warning  'math' is not defined                                      no-undef
  686:32   warning  'k' is defined but never used                              no-unused-vars
  687:9    warning  'math' is not defined                                      no-undef
  688:13   warning  'math' is not defined                                      no-undef
  689:13   warning  'math' is not defined                                      no-undef
  689:23   warning  'math' is not defined                                      no-undef
  689:35   warning  'math' is not defined                                      no-undef
  689:86   warning  'math' is not defined                                      no-undef
  693:9    warning  'TotalP_loss' is assigned a value but never used           no-unused-vars
  693:23   warning  'math' is not defined                                      no-undef
  693:48   warning  'math' is not defined                                      no-undef
  708:10   warning  'runGeneratorOutageContingency' is defined but never used  no-unused-vars
  759:46   warning  'index' is defined but never used                          no-unused-vars

✖ 139 problems (0 errors, 139 warnings)

